<?xml version="1.0" encoding="UTF-8"?>
<!-- Generated by org.testng.reporters.JUnitXMLReporter -->
<testsuite hostname="SIL-INA732X0FD" ignored="0" name="Parallel" tests="4" failures="0" timestamp="11 Jul 2018 09:28:38 GMT" time="69.35" errors="0">
  <testcase name="testone" time="0.0" classname="com.Balaji.tests.onlinestoretestone"/>
  <testcase name="testtwo" time="0.021" classname="com.Balaji.tests.SecondHomePagetest"/>
  <testcase name="testone" time="0.0" classname="com.Balaji.tests.onlinestoretestthree"/>
  <testcase name="testone" time="0.004" classname="com.Balaji.tests.onlinestoretestonefour"/>
</testsuite> <!-- Parallel -->
